0 info it worked if it ends with ok
1 verbose cli [ 'node',
1 verbose cli   '/Users/steveho/.nvm/versions/node/v0.12.9/bin/npm',
1 verbose cli   'run',
1 verbose cli   'babel-node',
1 verbose cli   'dist/api/api-server.js' ]
2 info using npm@4.1.1
3 info using node@v0.12.9
4 verbose run-script [ 'prebabel-node', 'babel-node', 'postbabel-node' ]
5 info lifecycle wa-clone@1.0.0~prebabel-node: wa-clone@1.0.0
6 silly lifecycle wa-clone@1.0.0~prebabel-node: no script for prebabel-node, continuing
7 info lifecycle wa-clone@1.0.0~babel-node: wa-clone@1.0.0
8 verbose lifecycle wa-clone@1.0.0~babel-node: unsafe-perm in lifecycle true
9 verbose lifecycle wa-clone@1.0.0~babel-node: PATH: /Users/steveho/.nvm/versions/node/v0.12.9/lib/node_modules/npm/bin/node-gyp-bin:/Users/steveho/work/js/wa-clone/node_modules/.bin:/Users/steveho/.nvm/versions/node/v0.12.9/lib/node_modules/npm/bin/node-gyp-bin:/Users/steveho/work/js/wa-clone/node_modules/.bin:/Users/steveho/.rvm/gems/ruby-2.1.5/bin:/Users/steveho/.rvm/gems/ruby-2.1.5@global/bin:/Users/steveho/.rvm/rubies/ruby-2.1.5/bin:/Users/steveho/.nvm/versions/node/v0.12.9/bin:/usr/local/bin:/usr/bin:/bin:/usr/sbin:/sbin:/Applications/Postgres.app/Contents/Versions/9.4/bin:/Users/steveho/.rvm/bin
10 verbose lifecycle wa-clone@1.0.0~babel-node: CWD: /Users/steveho/work/js/wa-clone
11 silly lifecycle wa-clone@1.0.0~babel-node: Args: [ '-c',
11 silly lifecycle   'babel-node --plugins transform-es2015-modules-commonjs "dist/api/api-server.js"' ]
12 silly lifecycle wa-clone@1.0.0~babel-node: Returned: code: 1  signal: null
13 info lifecycle wa-clone@1.0.0~babel-node: Failed to exec babel-node script
14 verbose stack Error: wa-clone@1.0.0 babel-node: `babel-node --plugins transform-es2015-modules-commonjs "dist/api/api-server.js"`
14 verbose stack Exit status 1
14 verbose stack     at EventEmitter.<anonymous> (/Users/steveho/.nvm/versions/node/v0.12.9/lib/node_modules/npm/lib/utils/lifecycle.js:279:16)
14 verbose stack     at EventEmitter.emit (events.js:110:17)
14 verbose stack     at ChildProcess.<anonymous> (/Users/steveho/.nvm/versions/node/v0.12.9/lib/node_modules/npm/lib/utils/spawn.js:40:14)
14 verbose stack     at ChildProcess.emit (events.js:110:17)
14 verbose stack     at maybeClose (child_process.js:1016:16)
14 verbose stack     at Process.ChildProcess._handle.onexit (child_process.js:1088:5)
15 verbose pkgid wa-clone@1.0.0
16 verbose cwd /Users/steveho/work/js/wa-clone
17 error Darwin 16.3.0
18 error argv "node" "/Users/steveho/.nvm/versions/node/v0.12.9/bin/npm" "run" "babel-node" "dist/api/api-server.js"
19 error node v0.12.9
20 error npm  v4.1.1
21 error code ELIFECYCLE
22 error wa-clone@1.0.0 babel-node: `babel-node --plugins transform-es2015-modules-commonjs "dist/api/api-server.js"`
22 error Exit status 1
23 error Failed at the wa-clone@1.0.0 babel-node script 'babel-node --plugins transform-es2015-modules-commonjs "dist/api/api-server.js"'.
23 error Make sure you have the latest version of node.js and npm installed.
23 error If you do, this is most likely a problem with the wa-clone package,
23 error not with npm itself.
23 error Tell the author that this fails on your system:
23 error     babel-node --plugins transform-es2015-modules-commonjs "dist/api/api-server.js"
23 error You can get information on how to open an issue for this project with:
23 error     npm bugs wa-clone
23 error Or if that isn't available, you can get their info via:
23 error     npm owner ls wa-clone
23 error There is likely additional logging output above.
24 verbose exit [ 1, true ]
